Log file open, 04/10/21 16:08:56
LogInit: Display: Running engine for game: RainGame
LogPlatformFile: Not using cached read wrapper
LogTaskGraph: Started task graph with 5 named threads and 35 total threads with 3 sets of task threads.
LogStats: Stats thread started at 0.910014
LogD3D11RHI: Loaded GFSDK_Aftermath_Lib.x64.dll
LogICUInternationalization: ICU TimeZone Detection - Raw Offset: -5:00, Platform Override: ''
LogPluginManager: Mounting plugin Paper2D
LogPluginManager: Mounting plugin AISupport
LogPluginManager: Mounting plugin LightPropagationVolume
LogPluginManager: Mounting plugin CameraShakePreviewer
LogPluginManager: Mounting plugin ActorLayerUtilities
LogPluginManager: Mounting plugin AnimationSharing
LogPluginManager: Mounting plugin CLionSourceCodeAccess
LogPluginManager: Mounting plugin CodeLiteSourceCodeAccess
LogPluginManager: Mounting plugin GitSourceControl
LogPluginManager: Mounting plugin KDevelopSourceCodeAccess
LogPluginManager: Mounting plugin NullSourceCodeAccess
LogPluginManager: Mounting plugin PerforceSourceControl
LogPluginManager: Mounting plugin PlasticSourceControl
LogPluginManager: Mounting plugin RiderSourceCodeAccess
LogPluginManager: Mounting plugin SubversionSourceControl
LogPluginManager: Mounting plugin UObjectPlugin
LogPluginManager: Mounting plugin VisualStudioCodeSourceCodeAccess
LogPluginManager: Mounting plugin VisualStudioSourceCodeAccess
LogPluginManager: Mounting plugin XCodeSourceCodeAccess
LogPluginManager: Mounting plugin AssetManagerEditor
LogPluginManager: Mounting plugin CryptoKeys
LogPluginManager: Mounting plugin CurveEditorTools
LogPluginManager: Mounting plugin DataValidation
LogPluginManager: Mounting plugin EditorScriptingUtilities
LogPluginManager: Mounting plugin FacialAnimation
LogPluginManager: Mounting plugin GameplayTagsEditor
LogPluginManager: Mounting plugin GeometryMode
LogPluginManager: Mounting plugin MacGraphicsSwitching
LogPluginManager: Mounting plugin MaterialAnalyzer
LogPluginManager: Mounting plugin MobileLauncherProfileWizard
LogPluginManager: Mounting plugin PluginBrowser
LogPluginManager: Mounting plugin SpeedTreeImporter
LogPluginManager: Mounting plugin DatasmithContent
LogPluginManager: Mounting plugin VariantManagerContent
LogPluginManager: Mounting plugin AlembicImporter
LogPluginManager: Mounting plugin AutomationUtils
LogPluginManager: Mounting plugin BackChannel
LogPluginManager: Mounting plugin ChaosCloth
LogPluginManager: Mounting plugin ChaosClothEditor
LogPluginManager: Mounting plugin ChaosEditor
LogPluginManager: Mounting plugin ChaosNiagara
LogPluginManager: Mounting plugin ChaosSolverPlugin
LogPluginManager: Mounting plugin CharacterAI
LogPluginManager: Mounting plugin GeometryCache
LogPluginManager: Mounting plugin GeometryCollectionPlugin
LogPluginManager: Mounting plugin GeometryProcessing
LogPluginManager: Mounting plugin PlanarCut
LogPluginManager: Mounting plugin PlatformCrypto
LogPluginManager: Mounting plugin ProxyLODPlugin
LogPluginManager: Mounting plugin SkeletalReduction
LogPluginManager: Mounting plugin Niagara
LogPluginManager: Mounting plugin MagicLeap
LogPluginManager: Mounting plugin MagicLeapLightEstimation
LogPluginManager: Mounting plugin MagicLeapMedia
LogPluginManager: Mounting plugin MagicLeapPassableWorld
LogPluginManager: Mounting plugin MLSDK
LogPluginManager: Mounting plugin AndroidMedia
LogPluginManager: Mounting plugin AvfMedia
LogPluginManager: Mounting plugin ImgMedia
LogPluginManager: Mounting plugin MediaCompositing
LogPluginManager: Mounting plugin MediaPlayerEditor
LogPluginManager: Mounting plugin WebMMedia
LogPluginManager: Mounting plugin WmfMedia
LogPluginManager: Mounting plugin MeshPainting
LogPluginManager: Mounting plugin TcpMessaging
LogPluginManager: Mounting plugin UdpMessaging
LogPluginManager: Mounting plugin ActorSequence
LogPluginManager: Mounting plugin LevelSequenceEditor
LogPluginManager: Mounting plugin MatineeToLevelSequence
LogPluginManager: Mounting plugin MovieRenderPipeline
LogPluginManager: Mounting plugin TemplateSequence
LogPluginManager: Mounting plugin NetcodeUnitTest
LogPluginManager: Mounting plugin NUTUnrealEngine4
LogPluginManager: Mounting plugin OnlineSubsystemGooglePlay
LogPluginManager: Mounting plugin OnlineSubsystemIOS
LogPluginManager: Mounting plugin OnlineSubsystem
LogPluginManager: Mounting plugin OnlineSubsystemNull
LogPluginManager: Mounting plugin OnlineSubsystemUtils
LogPluginManager: Mounting plugin LauncherChunkInstaller
LogPluginManager: Mounting plugin AndroidDeviceProfileSelector
LogPluginManager: Mounting plugin AndroidMoviePlayer
LogPluginManager: Mounting plugin AndroidPermission
LogPluginManager: Mounting plugin AppleImageUtils
LogPluginManager: Mounting plugin AppleMoviePlayer
LogPluginManager: Mounting plugin ArchVisCharacter
LogPluginManager: Mounting plugin AssetTags
LogPluginManager: Mounting plugin AudioCapture
LogPluginManager: Mounting plugin CableComponent
LogPluginManager: Mounting plugin CustomMeshComponent
LogPluginManager: Mounting plugin EditableMesh
LogPluginManager: Mounting plugin ExampleDeviceProfileSelector
LogPluginManager: Mounting plugin GoogleCloudMessaging
LogPluginManager: Mounting plugin GooglePAD
LogPluginManager: Mounting plugin IOSDeviceProfileSelector
LogPluginManager: Mounting plugin LinuxDeviceProfileSelector
LogPluginManager: Mounting plugin LocationServicesBPLibrary
LogPluginManager: Mounting plugin MobilePatchingUtils
LogPluginManager: Mounting plugin OculusVR
LogPluginManager: Mounting plugin PhysXVehicles
LogPluginManager: Mounting plugin PostSplashScreen
LogPluginManager: Mounting plugin ProceduralMeshComponent
LogPluginManager: Mounting plugin RuntimePhysXCooking
LogPluginManager: Mounting plugin SignificanceManager
LogPluginManager: Mounting plugin SoundFields
LogPluginManager: Mounting plugin SteamVR
LogPluginManager: Mounting plugin Synthesis
LogPluginManager: Mounting plugin WebMMoviePlayer
LogPluginManager: Mounting plugin WindowsMoviePlayer
LogPluginManager: Mounting plugin ScreenshotTools
LogInit: Using libcurl 7.55.1-DEV
LogInit:  - built for x86_64-pc-win32
LogInit:  - supports SSL with OpenSSL/1.1.1
LogInit:  - supports HTTP deflate (compression) using libz 1.2.8
LogInit:  - other features:
LogInit:      CURL_VERSION_SSL
LogInit:      CURL_VERSION_LIBZ
LogInit:      CURL_VERSION_IPV6
LogInit:      CURL_VERSION_ASYNCHDNS
LogInit:      CURL_VERSION_LARGEFILE
LogInit:      CURL_VERSION_IDN
LogInit:  CurlRequestOptions (configurable via config and command line):
LogInit:  - bVerifyPeer = true  - Libcurl will verify peer certificate
LogInit:  - bUseHttpProxy = false  - Libcurl will NOT use HTTP proxy
LogInit:  - bDontReuseConnections = false  - Libcurl will reuse connections
LogInit:  - MaxHostConnections = 16  - Libcurl will limit the number of connections to a host
LogInit:  - LocalHostAddr = Default
LogInit:  - BufferSize = 65536
LogOnline: OSS: Creating online subsystem instance for: NULL
LogInit: WinSock: version 1.1 (2.2), MaxSocks=32767, MaxUdp=65467
LogOnline: OSS: TryLoadSubsystemAndSetDefault: Loaded subsystem for module [NULL]
LogOculusPluginWrapper: OculusPlugin initialized successfully
LogInit: Build: ++UE4+Release-4.25-CL-14469661
LogInit: Engine Version: 4.25.4-14469661+++UE4+Release-4.25
LogInit: Compatible Engine Version: 4.25.0-13144385+++UE4+Release-4.25
LogInit: Net CL: 13144385
LogInit: OS: Windows 10 (Release 2004) (), CPU: Intel(R) Core(TM) i5-10400 CPU @ 2.90GHz, GPU: NVIDIA GeForce GTX 1070
LogInit: Compiled (64-bit): Oct 11 2020 08:10:49
LogInit: Compiled with Visual C++: 19.24.28315.00
LogInit: Build Configuration: Development
LogInit: Branch Name: ++UE4+Release-4.25
LogInit: Command Line: 
LogInit: Base Directory: C:/Program Files/Epic Games/UE_4.25/Engine/Binaries/Win64/
LogInit: Allocator: TBB
LogInit: Installed Engine Build: 1
LogDevObjectVersion: Number of dev versions registered: 26
LogDevObjectVersion:   Dev-Blueprints (B0D832E4-1F89-4F0D-ACCF-7EB736FD4AA2): 10
LogDevObjectVersion:   Dev-Build (E1C64328-A22C-4D53-A36C-8E866417BD8C): 0
LogDevObjectVersion:   Dev-Core (375EC13C-06E4-48FB-B500-84F0262A717E): 4
LogDevObjectVersion:   Dev-Editor (E4B068ED-F494-42E9-A231-DA0B2E46BB41): 38
LogDevObjectVersion:   Dev-Framework (CFFC743F-43B0-4480-9391-14DF171D2073): 37
LogDevObjectVersion:   Dev-Mobile (B02B49B5-BB20-44E9-A304-32B752E40360): 2
LogDevObjectVersion:   Dev-Networking (A4E4105C-59A1-49B5-A7C5-40C4547EDFEE): 0
LogDevObjectVersion:   Dev-Online (39C831C9-5AE6-47DC-9A44-9C173E1C8E7C): 0
LogDevObjectVersion:   Dev-Physics (78F01B33-EBEA-4F98-B9B4-84EACCB95AA2): 4
LogDevObjectVersion:   Dev-Platform (6631380F-2D4D-43E0-8009-CF276956A95A): 0
LogDevObjectVersion:   Dev-Rendering (12F88B9F-8875-4AFC-A67C-D90C383ABD29): 43
LogDevObjectVersion:   Dev-Sequencer (7B5AE74C-D270-4C10-A958-57980B212A5A): 12
LogDevObjectVersion:   Dev-VR (D7296918-1DD6-4BDD-9DE2-64A83CC13884): 3
LogDevObjectVersion:   Dev-LoadTimes (C2A15278-BFE7-4AFE-6C17-90FF531DF755): 1
LogDevObjectVersion:   Private-Geometry (6EACA3D4-40EC-4CC1-B786-8BED09428FC5): 3
LogDevObjectVersion:   Dev-AnimPhys (29E575DD-E0A3-4627-9D10-D276232CDCEA): 17
LogDevObjectVersion:   Dev-Anim (AF43A65D-7FD3-4947-9873-3E8ED9C1BB05): 7
LogDevObjectVersion:   Dev-ReflectionCapture (6B266CEC-1EC7-4B8F-A30B-E4D90942FC07): 1
LogDevObjectVersion:   Dev-Automation (0DF73D61-A23F-47EA-B727-89E90C41499A): 1
LogDevObjectVersion:   FortniteMain (601D1886-AC64-4F84-AA16-D3DE0DEAC7D6): 31
LogDevObjectVersion:   Dev-Enterprise (9DFFBCD6-494F-0158-E221-12823C92A888): 10
LogDevObjectVersion:   Dev-Niagara (F2AED0AC-9AFE-416F-8664-AA7FFA26D6FC): 1
LogDevObjectVersion:   Dev-Destruction (174F1F0B-B4C6-45A5-B13F-2EE8D0FB917D): 10
LogDevObjectVersion:   Dev-Physics-Ext (35F94A83-E258-406C-A318-09F59610247C): 37
LogDevObjectVersion:   Dev-PhysicsMaterial-Chaos (B68FC16E-8B1B-42E2-B453-215C058844FE): 1
LogDevObjectVersion:   Dev-CineCamera (B2E18506-4273-CFC2-A54E-F4BB758BBA07): 1
LogInit: Presizing for max 25165824 objects, including 0 objects not considered by GC, pre-allocating 0 bytes for permanent pool.
LogConfig: Applying CVar settings from Section [/Script/Engine.StreamingSettings] File [H:/Users/David/source/repos/603-Rain-Game/RainGame/Saved/Config/Windows/Engine.ini]
LogConfig: Setting CVar [[s.MinBulkDataSizeForAsyncLoading:131072]]
LogConfig: Setting CVar [[s.AsyncLoadingThreadEnabled:0]]
LogConfig: Setting CVar [[s.EventDrivenLoaderEnabled:1]]
LogConfig: Setting CVar [[s.WarnIfTimeLimitExceeded:0]]
LogConfig: Setting CVar [[s.TimeLimitExceededMultiplier:1.5]]
LogConfig: Setting CVar [[s.TimeLimitExceededMinTime:0.005]]
LogConfig: Setting CVar [[s.UseBackgroundLevelStreaming:1]]
LogConfig: Setting CVar [[s.PriorityAsyncLoadingExtraTime:15.0]]
LogConfig: Setting CVar [[s.LevelStreamingActorsUpdateTimeLimit:5.0]]
LogConfig: Setting CVar [[s.PriorityLevelStreamingActorsUpdateExtraTime:5.0]]
LogConfig: Setting CVar [[s.LevelStreamingComponentsRegistrationGranularity:10]]
LogConfig: Setting CVar [[s.UnregisterComponentsTimeLimit:1.0]]
LogConfig: Setting CVar [[s.LevelStreamingComponentsUnregistrationGranularity:5]]
LogConfig: Setting CVar [[s.FlushStreamingOnExit:1]]
LogInit: Object subsystem initialized
LogConfig: Setting CVar [[con.DebugEarlyDefault:1]]
LogConfig: Setting CVar [[r.setres:1280x720]]
[2021.04.10-20.08.57:101][  0]LogConfig: Setting CVar [[r.VSync:0]]
[2021.04.10-20.08.57:101][  0]LogConfig: Setting CVar [[r.RHICmdBypass:0]]
[2021.04.10-20.08.57:102][  0]LogConfig: Applying CVar settings from Section [/Script/Engine.RendererSettings] File [H:/Users/David/source/repos/603-Rain-Game/RainGame/Saved/Config/Windows/Engine.ini]
[2021.04.10-20.08.57:102][  0]LogConfig: Setting CVar [[r.GPUCrashDebugging:0]]
[2021.04.10-20.08.57:102][  0]LogConfig: Setting CVar [[r.MobileHDR:0]]
[2021.04.10-20.08.57:102][  0]LogConfig: Applying CVar settings from Section [/Script/Engine.RendererOverrideSettings] File [H:/Users/David/source/repos/603-Rain-Game/RainGame/Saved/Config/Windows/Engine.ini]
[2021.04.10-20.08.57:102][  0]LogConfig: Applying CVar settings from Section [/Script/Engine.StreamingSettings] File [H:/Users/David/source/repos/603-Rain-Game/RainGame/Saved/Config/Windows/Engine.ini]
[2021.04.10-20.08.57:102][  0]LogConfig: Setting CVar [[s.MinBulkDataSizeForAsyncLoading:131072]]
[2021.04.10-20.08.57:102][  0]LogConfig: Setting CVar [[s.AsyncLoadingThreadEnabled:0]]
[2021.04.10-20.08.57:102][  0]LogConfig: Setting CVar [[s.EventDrivenLoaderEnabled:1]]
[2021.04.10-20.08.57:102][  0]LogConfig: Setting CVar [[s.WarnIfTimeLimitExceeded:0]]
[2021.04.10-20.08.57:102][  0]LogConfig: Setting CVar [[s.TimeLimitExceededMultiplier:1.5]]
[2021.04.10-20.08.57:102][  0]LogConfig: Setting CVar [[s.TimeLimitExceededMinTime:0.005]]
[2021.04.10-20.08.57:102][  0]LogConfig: Setting CVar [[s.UseBackgroundLevelStreaming:1]]
[2021.04.10-20.08.57:102][  0]LogConfig: Setting CVar [[s.PriorityAsyncLoadingExtraTime:15.0]]
[2021.04.10-20.08.57:102][  0]LogConfig: Setting CVar [[s.LevelStreamingActorsUpdateTimeLimit:5.0]]
[2021.04.10-20.08.57:102][  0]LogConfig: Setting CVar [[s.PriorityLevelStreamingActorsUpdateExtraTime:5.0]]
[2021.04.10-20.08.57:102][  0]LogConfig: Setting CVar [[s.LevelStreamingComponentsRegistrationGranularity:10]]
[2021.04.10-20.08.57:102][  0]LogConfig: Setting CVar [[s.UnregisterComponentsTimeLimit:1.0]]
[2021.04.10-20.08.57:102][  0]LogConfig: Setting CVar [[s.LevelStreamingComponentsUnregistrationGranularity:5]]
[2021.04.10-20.08.57:102][  0]LogConfig: Setting CVar [[s.FlushStreamingOnExit:1]]
[2021.04.10-20.08.57:102][  0]LogConfig: Applying CVar settings from Section [/Script/Engine.GarbageCollectionSettings] File [H:/Users/David/source/repos/603-Rain-Game/RainGame/Saved/Config/Windows/Engine.ini]
[2021.04.10-20.08.57:102][  0]LogConfig: Setting CVar [[gc.MaxObjectsNotConsideredByGC:1]]
[2021.04.10-20.08.57:102][  0]LogConfig: Setting CVar [[gc.SizeOfPermanentObjectPool:0]]
[2021.04.10-20.08.57:102][  0]LogConfig: Setting CVar [[gc.FlushStreamingOnGC:0]]
[2021.04.10-20.08.57:102][  0]LogConfig: Setting CVar [[gc.NumRetriesBeforeForcingGC:10]]
[2021.04.10-20.08.57:102][  0]LogConfig: Setting CVar [[gc.AllowParallelGC:1]]
[2021.04.10-20.08.57:102][  0]LogConfig: Setting CVar [[gc.TimeBetweenPurgingPendingKillObjects:61.1]]
[2021.04.10-20.08.57:102][  0]LogConfig: Setting CVar [[gc.MaxObjectsInEditor:25165824]]
[2021.04.10-20.08.57:102][  0]LogConfig: Setting CVar [[gc.IncrementalBeginDestroyEnabled:1]]
[2021.04.10-20.08.57:102][  0]LogConfig: Setting CVar [[gc.CreateGCClusters:1]]
[2021.04.10-20.08.57:102][  0]LogConfig: Setting CVar [[gc.MinGCClusterSize:5]]
[2021.04.10-20.08.57:102][  0]LogConfig: Setting CVar [[gc.ActorClusteringEnabled:0]]
[2021.04.10-20.08.57:102][  0]LogConfig: Setting CVar [[gc.BlueprintClusteringEnabled:0]]
[2021.04.10-20.08.57:102][  0]LogConfig: Setting CVar [[gc.UseDisregardForGCOnDedicatedServers:0]]
[2021.04.10-20.08.57:102][  0]LogConfig: Applying CVar settings from Section [/Script/Engine.NetworkSettings] File [H:/Users/David/source/repos/603-Rain-Game/RainGame/Saved/Config/Windows/Engine.ini]
[2021.04.10-20.08.57:102][  0]LogConfig: Applying CVar settings from Section [/Script/UnrealEd.CookerSettings] File [H:/Users/David/source/repos/603-Rain-Game/RainGame/Saved/Config/Windows/Engine.ini]
[2021.04.10-20.08.57:106][  0]LogConfig: Applying CVar settings from Section [ViewDistanceQuality@3] File [H:/Users/David/source/repos/603-Rain-Game/RainGame/Saved/Config/Windows/Scalability.ini]
[2021.04.10-20.08.57:106][  0]LogConfig: Setting CVar [[r.SkeletalMeshLODBias:0]]
[2021.04.10-20.08.57:106][  0]LogConfig: Setting CVar [[r.ViewDistanceScale:1.0]]
[2021.04.10-20.08.57:106][  0]LogConfig: Applying CVar settings from Section [AntiAliasingQuality@3] File [H:/Users/David/source/repos/603-Rain-Game/RainGame/Saved/Config/Windows/Scalability.ini]
[2021.04.10-20.08.57:106][  0]LogConfig: Setting CVar [[r.PostProcessAAQuality:4]]
[2021.04.10-20.08.57:106][  0]LogConfig: Applying CVar settings from Section [ShadowQuality@3] File [H:/Users/David/source/repos/603-Rain-Game/RainGame/Saved/Config/Windows/Scalability.ini]
[2021.04.10-20.08.57:106][  0]LogConfig: Setting CVar [[r.LightFunctionQuality:1]]
[2021.04.10-20.08.57:106][  0]LogConfig: Setting CVar [[r.ShadowQuality:5]]
[2021.04.10-20.08.57:106][  0]LogConfig: Setting CVar [[r.Shadow.CSM.MaxCascades:10]]
[2021.04.10-20.08.57:106][  0]LogConfig: Setting CVar [[r.Shadow.MaxResolution:2048]]
[2021.04.10-20.08.57:106][  0]LogConfig: Setting CVar [[r.Shadow.MaxCSMResolution:2048]]
[2021.04.10-20.08.57:106][  0]LogConfig: Setting CVar [[r.Shadow.RadiusThreshold:0.01]]
[2021.04.10-20.08.57:106][  0]LogConfig: Setting CVar [[r.Shadow.DistanceScale:1.0]]
[2021.04.10-20.08.57:106][  0]LogConfig: Setting CVar [[r.Shadow.CSM.TransitionScale:1.0]]
[2021.04.10-20.08.57:106][  0]LogConfig: Setting CVar [[r.Shadow.PreShadowResolutionFactor:1.0]]
[2021.04.10-20.08.57:106][  0]LogConfig: Setting CVar [[r.DistanceFieldShadowing:1]]
[2021.04.10-20.08.57:106][  0]LogConfig: Setting CVar [[r.DistanceFieldAO:1]]
[2021.04.10-20.08.57:106][  0]LogConfig: Setting CVar [[r.AOQuality:2]]
[2021.04.10-20.08.57:106][  0]LogConfig: Setting CVar [[r.VolumetricFog:1]]
[2021.04.10-20.08.57:106][  0]LogConfig: Setting CVar [[r.VolumetricFog.GridPixelSize:8]]
[2021.04.10-20.08.57:106][  0]LogConfig: Setting CVar [[r.VolumetricFog.GridSizeZ:128]]
[2021.04.10-20.08.57:106][  0]LogConfig: Setting CVar [[r.VolumetricFog.HistoryMissSupersampleCount:4]]
[2021.04.10-20.08.57:106][  0]LogConfig: Setting CVar [[r.LightMaxDrawDistanceScale:1]]
[2021.04.10-20.08.57:106][  0]LogConfig: Setting CVar [[r.CapsuleShadows:1]]
[2021.04.10-20.08.57:106][  0]LogConfig: Applying CVar settings from Section [PostProcessQuality@3] File [H:/Users/David/source/repos/603-Rain-Game/RainGame/Saved/Config/Windows/Scalability.ini]
[2021.04.10-20.08.57:107][  0]LogConfig: Setting CVar [[r.MotionBlurQuality:4]]
[2021.04.10-20.08.57:107][  0]LogConfig: Setting CVar [[r.AmbientOcclusionMipLevelFactor:0.4]]
[2021.04.10-20.08.57:107][  0]LogConfig: Setting CVar [[r.AmbientOcclusionMaxQuality:100]]
[2021.04.10-20.08.57:107][  0]LogConfig: Setting CVar [[r.AmbientOcclusionLevels:-1]]
[2021.04.10-20.08.57:107][  0]LogConfig: Setting CVar [[r.AmbientOcclusionRadiusScale:1.0]]
[2021.04.10-20.08.57:107][  0]LogConfig: Setting CVar [[r.DepthOfFieldQuality:2]]
[2021.04.10-20.08.57:107][  0]LogConfig: Setting CVar [[r.RenderTargetPoolMin:400]]
[2021.04.10-20.08.57:107][  0]LogConfig: Setting CVar [[r.LensFlareQuality:2]]
[2021.04.10-20.08.57:107][  0]LogConfig: Setting CVar [[r.SceneColorFringeQuality:1]]
[2021.04.10-20.08.57:107][  0]LogConfig: Setting CVar [[r.EyeAdaptationQuality:2]]
[2021.04.10-20.08.57:107][  0]LogConfig: Setting CVar [[r.BloomQuality:5]]
[2021.04.10-20.08.57:107][  0]LogConfig: Setting CVar [[r.FastBlurThreshold:100]]
[2021.04.10-20.08.57:107][  0]LogConfig: Setting CVar [[r.Upscale.Quality:3]]
[2021.04.10-20.08.57:107][  0]LogConfig: Setting CVar [[r.Tonemapper.GrainQuantization:1]]
[2021.04.10-20.08.57:107][  0]LogConfig: Setting CVar [[r.LightShaftQuality:1]]
[2021.04.10-20.08.57:107][  0]LogConfig: Setting CVar [[r.Filter.SizeScale:1]]
[2021.04.10-20.08.57:107][  0]LogConfig: Setting CVar [[r.Tonemapper.Quality:5]]
[2021.04.10-20.08.57:107][  0]LogConfig: Setting CVar [[r.DOF.Gather.AccumulatorQuality:1        ; higher gathering accumulator quality]]
[2021.04.10-20.08.57:107][  0]LogConfig: Setting CVar [[r.DOF.Gather.PostfilterMethod:1          ; Median3x3 postfilering method]]
[2021.04.10-20.08.57:107][  0]LogConfig: Setting CVar [[r.DOF.Gather.EnableBokehSettings:0       ; no bokeh simulation when gathering]]
[2021.04.10-20.08.57:107][  0]LogConfig: Setting CVar [[r.DOF.Gather.RingCount:4                 ; medium number of samples when gathering]]
[2021.04.10-20.08.57:107][  0]LogConfig: Setting CVar [[r.DOF.Scatter.ForegroundCompositing:1    ; additive foreground scattering]]
[2021.04.10-20.08.57:107][  0]LogConfig: Setting CVar [[r.DOF.Scatter.BackgroundCompositing:2    ; additive background scattering]]
[2021.04.10-20.08.57:107][  0]LogConfig: Setting CVar [[r.DOF.Scatter.EnableBokehSettings:1      ; bokeh simulation when scattering]]
[2021.04.10-20.08.57:107][  0]LogConfig: Setting CVar [[r.DOF.Scatter.MaxSpriteRatio:0.1         ; only a maximum of 10% of scattered bokeh]]
[2021.04.10-20.08.57:107][  0]LogConfig: Setting CVar [[r.DOF.Recombine.Quality:1                ; cheap slight out of focus]]
[2021.04.10-20.08.57:107][  0]LogConfig: Setting CVar [[r.DOF.Recombine.EnableBokehSettings:0    ; no bokeh simulation on slight out of focus]]
[2021.04.10-20.08.57:107][  0]LogConfig: Setting CVar [[r.DOF.TemporalAAQuality:1                ; more stable temporal accumulation]]
[2021.04.10-20.08.57:107][  0]LogConfig: Setting CVar [[r.DOF.Kernel.MaxForegroundRadius:0.025]]
[2021.04.10-20.08.57:107][  0]LogConfig: Setting CVar [[r.DOF.Kernel.MaxBackgroundRadius:0.025]]
[2021.04.10-20.08.57:107][  0]LogConfig: Applying CVar settings from Section [TextureQuality@3] File [H:/Users/David/source/repos/603-Rain-Game/RainGame/Saved/Config/Windows/Scalability.ini]
[2021.04.10-20.08.57:107][  0]LogConfig: Setting CVar [[r.Streaming.MipBias:0]]
[2021.04.10-20.08.57:107][  0]LogConfig: Setting CVar [[r.Streaming.AmortizeCPUToGPUCopy:0]]
[2021.04.10-20.08.57:107][  0]LogConfig: Setting CVar [[r.Streaming.MaxNumTexturesToStreamPerFrame:0]]
[2021.04.10-20.08.57:107][  0]LogConfig: Setting CVar [[r.Streaming.Boost:1]]
[2021.04.10-20.08.57:107][  0]LogConfig: Setting CVar [[r.MaxAnisotropy:8]]
[2021.04.10-20.08.57:107][  0]LogConfig: Setting CVar [[r.VT.MaxAnisotropy:8]]
[2021.04.10-20.08.57:107][  0]LogConfig: Setting CVar [[r.Streaming.LimitPoolSizeToVRAM:0]]
[2021.04.10-20.08.57:107][  0]LogConfig: Setting CVar [[r.Streaming.PoolSize:1000]]
[2021.04.10-20.08.57:107][  0]LogConfig: Setting CVar [[r.Streaming.MaxEffectiveScreenSize:0]]
[2021.04.10-20.08.57:107][  0]LogConfig: Applying CVar settings from Section [EffectsQuality@3] File [H:/Users/David/source/repos/603-Rain-Game/RainGame/Saved/Config/Windows/Scalability.ini]
[2021.04.10-20.08.57:107][  0]LogConfig: Setting CVar [[r.TranslucencyLightingVolumeDim:64]]
[2021.04.10-20.08.57:107][  0]LogConfig: Setting CVar [[r.RefractionQuality:2]]
[2021.04.10-20.08.57:107][  0]LogConfig: Setting CVar [[r.SSR.Quality:3]]
[2021.04.10-20.08.57:107][  0]LogConfig: Setting CVar [[r.SSR.HalfResSceneColor:0]]
[2021.04.10-20.08.57:107][  0]LogConfig: Setting CVar [[r.SceneColorFormat:4]]
[2021.04.10-20.08.57:107][  0]LogConfig: Setting CVar [[r.DetailMode:2]]
[2021.04.10-20.08.57:107][  0]LogConfig: Setting CVar [[r.TranslucencyVolumeBlur:1]]
[2021.04.10-20.08.57:107][  0]LogConfig: Setting CVar [[r.MaterialQualityLevel:1 ; High quality]]
[2021.04.10-20.08.57:107][  0]LogConfig: Setting CVar [[r.SSS.Scale:1]]
[2021.04.10-20.08.57:107][  0]LogConfig: Setting CVar [[r.SSS.SampleSet:2]]
[2021.04.10-20.08.57:107][  0]LogConfig: Setting CVar [[r.SSS.Quality:1]]
[2021.04.10-20.08.57:107][  0]LogConfig: Setting CVar [[r.SSS.HalfRes:0]]
[2021.04.10-20.08.57:107][  0]LogConfig: Setting CVar [[r.SSGI.Quality:3]]
[2021.04.10-20.08.57:107][  0]LogConfig: Setting CVar [[r.EmitterSpawnRateScale:1.0]]
[2021.04.10-20.08.57:107][  0]LogConfig: Setting CVar [[r.ParticleLightQuality:2]]
[2021.04.10-20.08.57:107][  0]LogConfig: Setting CVar [[r.SkyAtmosphere.AerialPerspectiveLUT.FastApplyOnOpaque:1 ; Always have FastSkyLUT 1 in this case to avoid wrong sky]]
[2021.04.10-20.08.57:107][  0]LogConfig: Setting CVar [[r.SkyAtmosphere.AerialPerspectiveLUT.SampleCountPerSlice:1]]
[2021.04.10-20.08.57:107][  0]LogConfig: Setting CVar [[r.SkyAtmosphere.AerialPerspectiveLUT.DepthResolution:16.0]]
[2021.04.10-20.08.57:107][  0]LogConfig: Setting CVar [[r.SkyAtmosphere.FastSkyLUT:1]]
[2021.04.10-20.08.57:107][  0]LogConfig: Setting CVar [[r.SkyAtmosphere.FastSkyLUT.SampleCountMin:4.0]]
[2021.04.10-20.08.57:107][  0]LogConfig: Setting CVar [[r.SkyAtmosphere.FastSkyLUT.SampleCountMax:32.0]]
[2021.04.10-20.08.57:107][  0]LogConfig: Setting CVar [[r.SkyAtmosphere.SampleCountMin:4.0]]
[2021.04.10-20.08.57:107][  0]LogConfig: Setting CVar [[r.SkyAtmosphere.SampleCountMax:32.0]]
[2021.04.10-20.08.57:107][  0]LogConfig: Setting CVar [[r.SkyAtmosphere.TransmittanceLUT.UseSmallFormat:0]]
[2021.04.10-20.08.57:107][  0]LogConfig: Setting CVar [[r.SkyAtmosphere.TransmittanceLUT.SampleCount:10.0]]
[2021.04.10-20.08.57:107][  0]LogConfig: Setting CVar [[r.SkyAtmosphere.MultiScatteringLUT.SampleCount:15.0]]
[2021.04.10-20.08.57:107][  0]LogConfig: Applying CVar settings from Section [FoliageQuality@3] File [H:/Users/David/source/repos/603-Rain-Game/RainGame/Saved/Config/Windows/Scalability.ini]
[2021.04.10-20.08.57:107][  0]LogConfig: Setting CVar [[foliage.DensityScale:1.0]]
[2021.04.10-20.08.57:107][  0]LogConfig: Setting CVar [[grass.DensityScale:1.0]]
[2021.04.10-20.08.57:107][  0]LogConfig: Applying CVar settings from Section [ShadingQuality@3] File [H:/Users/David/source/repos/603-Rain-Game/RainGame/Saved/Config/Windows/Scalability.ini]
[2021.04.10-20.08.57:107][  0]LogConfig: Setting CVar [[r.HairStrands.SkyLighting.SampleCount:16]]
[2021.04.10-20.08.57:107][  0]LogConfig: Setting CVar [[r.HairStrands.SkyLighting.JitterIntegration:0]]
[2021.04.10-20.08.57:107][  0]LogConfig: Setting CVar [[r.HairStrands.SkyAO.SampleCount:16]]
[2021.04.10-20.08.57:107][  0]LogConfig: Setting CVar [[r.HairStrands.DeepShadow.SuperSampling:0]]
[2021.04.10-20.08.57:107][  0]LogConfig: Setting CVar [[r.HairStrands.VisibilityPPLL:0]]
[2021.04.10-20.08.57:107][  0]LogConfig: Setting CVar [[r.HairStrands.RasterizationScale:0.5]]
[2021.04.10-20.08.57:107][  0]LogConfig: Setting CVar [[r.HairStrands.VelocityRasterizationScale:1]]
[2021.04.10-20.08.57:108][  0]LogInit: Selected Device Profile: [Windows]
[2021.04.10-20.08.57:108][  0]LogInit: Applying CVar settings loaded from the selected device profile: [Windows]
[2021.04.10-20.08.57:109][  0]LogHAL: Display: Platform has ~ 16 GB [17063469056 / 17179869184 / 16], which maps to Larger [LargestMinGB=32, LargerMinGB=12, DefaultMinGB=8, SmallerMinGB=6, SmallestMinGB=0)
[2021.04.10-20.08.57:109][  0]LogInit: Going up to parent DeviceProfile []
[2021.04.10-20.08.57:110][  0]LogConfig: Applying CVar settings from Section [ViewDistanceQuality@3] File [H:/Users/David/source/repos/603-Rain-Game/RainGame/Saved/Config/Windows/Scalability.ini]
[2021.04.10-20.08.57:110][  0]LogConfig: Setting CVar [[r.SkeletalMeshLODBias:0]]
[2021.04.10-20.08.57:110][  0]LogConfig: Setting CVar [[r.ViewDistanceScale:1.0]]
[2021.04.10-20.08.57:110][  0]LogConfig: Applying CVar settings from Section [AntiAliasingQuality@3] File [H:/Users/David/source/repos/603-Rain-Game/RainGame/Saved/Config/Windows/Scalability.ini]
[2021.04.10-20.08.57:110][  0]LogConfig: Setting CVar [[r.PostProcessAAQuality:4]]
[2021.04.10-20.08.57:110][  0]LogConfig: Applying CVar settings from Section [ShadowQuality@3] File [H:/Users/David/source/repos/603-Rain-Game/RainGame/Saved/Config/Windows/Scalability.ini]
[2021.04.10-20.08.57:110][  0]LogConfig: Setting CVar [[r.LightFunctionQuality:1]]
[2021.04.10-20.08.57:110][  0]LogConfig: Setting CVar [[r.ShadowQuality:5]]
[2021.04.10-20.08.57:110][  0]LogConfig: Setting CVar [[r.Shadow.CSM.MaxCascades:10]]
[2021.04.10-20.08.57:110][  0]LogConfig: Setting CVar [[r.Shadow.MaxResolution:2048]]
[2021.04.10-20.08.57:110][  0]LogConfig: Setting CVar [[r.Shadow.MaxCSMResolution:2048]]
[2021.04.10-20.08.57:110][  0]LogConfig: Setting CVar [[r.Shadow.RadiusThreshold:0.01]]
[2021.04.10-20.08.57:110][  0]LogConfig: Setting CVar [[r.Shadow.DistanceScale:1.0]]
[2021.04.10-20.08.57:110][  0]LogConfig: Setting CVar [[r.Shadow.CSM.TransitionScale:1.0]]
[2021.04.10-20.08.57:110][  0]LogConfig: Setting CVar [[r.Shadow.PreShadowResolutionFactor:1.0]]
[2021.04.10-20.08.57:110][  0]LogConfig: Setting CVar [[r.DistanceFieldShadowing:1]]
[2021.04.10-20.08.57:110][  0]LogConfig: Setting CVar [[r.DistanceFieldAO:1]]
[2021.04.10-20.08.57:110][  0]LogConfig: Setting CVar [[r.AOQuality:2]]
[2021.04.10-20.08.57:110][  0]LogConfig: Setting CVar [[r.VolumetricFog:1]]
[2021.04.10-20.08.57:110][  0]LogConfig: Setting CVar [[r.VolumetricFog.GridPixelSize:8]]
[2021.04.10-20.08.57:110][  0]LogConfig: Setting CVar [[r.VolumetricFog.GridSizeZ:128]]
[2021.04.10-20.08.57:110][  0]LogConfig: Setting CVar [[r.VolumetricFog.HistoryMissSupersampleCount:4]]
[2021.04.10-20.08.57:110][  0]LogConfig: Setting CVar [[r.LightMaxDrawDistanceScale:1]]
[2021.04.10-20.08.57:110][  0]LogConfig: Setting CVar [[r.CapsuleShadows:1]]
[2021.04.10-20.08.57:110][  0]LogConfig: Applying CVar settings from Section [PostProcessQuality@3] File [H:/Users/David/source/repos/603-Rain-Game/RainGame/Saved/Config/Windows/Scalability.ini]
[2021.04.10-20.08.57:110][  0]LogConfig: Setting CVar [[r.MotionBlurQuality:4]]
[2021.04.10-20.08.57:110][  0]LogConfig: Setting CVar [[r.AmbientOcclusionMipLevelFactor:0.4]]
[2021.04.10-20.08.57:110][  0]LogConfig: Setting CVar [[r.AmbientOcclusionMaxQuality:100]]
[2021.04.10-20.08.57:110][  0]LogConfig: Setting CVar [[r.AmbientOcclusionLevels:-1]]
[2021.04.10-20.08.57:110][  0]LogConfig: Setting CVar [[r.AmbientOcclusionRadiusScale:1.0]]
[2021.04.10-20.08.57:110][  0]LogConfig: Setting CVar [[r.DepthOfFieldQuality:2]]
[2021.04.10-20.08.57:110][  0]LogConfig: Setting CVar [[r.RenderTargetPoolMin:400]]
[2021.04.10-20.08.57:110][  0]LogConfig: Setting CVar [[r.LensFlareQuality:2]]
[2021.04.10-20.08.57:110][  0]LogConfig: Setting CVar [[r.SceneColorFringeQuality:1]]
[2021.04.10-20.08.57:110][  0]LogConfig: Setting CVar [[r.EyeAdaptationQuality:2]]
[2021.04.10-20.08.57:110][  0]LogConfig: Setting CVar [[r.BloomQuality:5]]
[2021.04.10-20.08.57:110][  0]LogConfig: Setting CVar [[r.FastBlurThreshold:100]]
[2021.04.10-20.08.57:110][  0]LogConfig: Setting CVar [[r.Upscale.Quality:3]]
[2021.04.10-20.08.57:110][  0]LogConfig: Setting CVar [[r.Tonemapper.GrainQuantization:1]]
[2021.04.10-20.08.57:110][  0]LogConfig: Setting CVar [[r.LightShaftQuality:1]]
[2021.04.10-20.08.57:110][  0]LogConfig: Setting CVar [[r.Filter.SizeScale:1]]
[2021.04.10-20.08.57:110][  0]LogConfig: Setting CVar [[r.Tonemapper.Quality:5]]
[2021.04.10-20.08.57:110][  0]LogConfig: Setting CVar [[r.DOF.Gather.AccumulatorQuality:1        ; higher gathering accumulator quality]]
[2021.04.10-20.08.57:110][  0]LogConfig: Setting CVar [[r.DOF.Gather.PostfilterMethod:1          ; Median3x3 postfilering method]]
[2021.04.10-20.08.57:110][  0]LogConfig: Setting CVar [[r.DOF.Gather.EnableBokehSettings:0       ; no bokeh simulation when gathering]]
[2021.04.10-20.08.57:110][  0]LogConfig: Setting CVar [[r.DOF.Gather.RingCount:4                 ; medium number of samples when gathering]]
[2021.04.10-20.08.57:110][  0]LogConfig: Setting CVar [[r.DOF.Scatter.ForegroundCompositing:1    ; additive foreground scattering]]
[2021.04.10-20.08.57:110][  0]LogConfig: Setting CVar [[r.DOF.Scatter.BackgroundCompositing:2    ; additive background scattering]]
[2021.04.10-20.08.57:110][  0]LogConfig: Setting CVar [[r.DOF.Scatter.EnableBokehSettings:1      ; bokeh simulation when scattering]]
[2021.04.10-20.08.57:110][  0]LogConfig: Setting CVar [[r.DOF.Scatter.MaxSpriteRatio:0.1         ; only a maximum of 10% of scattered bokeh]]
[2021.04.10-20.08.57:110][  0]LogConfig: Setting CVar [[r.DOF.Recombine.Quality:1                ; cheap slight out of focus]]
[2021.04.10-20.08.57:110][  0]LogConfig: Setting CVar [[r.DOF.Recombine.EnableBokehSettings:0    ; no bokeh simulation on slight out of focus]]
[2021.04.10-20.08.57:110][  0]LogConfig: Setting CVar [[r.DOF.TemporalAAQuality:1                ; more stable temporal accumulation]]
[2021.04.10-20.08.57:110][  0]LogConfig: Setting CVar [[r.DOF.Kernel.MaxForegroundRadius:0.025]]
[2021.04.10-20.08.57:110][  0]LogConfig: Setting CVar [[r.DOF.Kernel.MaxBackgroundRadius:0.025]]
[2021.04.10-20.08.57:110][  0]LogConfig: Applying CVar settings from Section [TextureQuality@3] File [H:/Users/David/source/repos/603-Rain-Game/RainGame/Saved/Config/Windows/Scalability.ini]
[2021.04.10-20.08.57:110][  0]LogConfig: Setting CVar [[r.Streaming.MipBias:0]]
[2021.04.10-20.08.57:110][  0]LogConfig: Setting CVar [[r.Streaming.AmortizeCPUToGPUCopy:0]]
[2021.04.10-20.08.57:110][  0]LogConfig: Setting CVar [[r.Streaming.MaxNumTexturesToStreamPerFrame:0]]
[2021.04.10-20.08.57:110][  0]LogConfig: Setting CVar [[r.Streaming.Boost:1]]
[2021.04.10-20.08.57:110][  0]LogConfig: Setting CVar [[r.MaxAnisotropy:8]]
[2021.04.10-20.08.57:110][  0]LogConfig: Setting CVar [[r.VT.MaxAnisotropy:8]]
[2021.04.10-20.08.57:110][  0]LogConfig: Setting CVar [[r.Streaming.LimitPoolSizeToVRAM:0]]
[2021.04.10-20.08.57:110][  0]LogConfig: Setting CVar [[r.Streaming.PoolSize:1000]]
[2021.04.10-20.08.57:110][  0]LogConfig: Setting CVar [[r.Streaming.MaxEffectiveScreenSize:0]]
[2021.04.10-20.08.57:110][  0]LogConfig: Applying CVar settings from Section [EffectsQuality@3] File [H:/Users/David/source/repos/603-Rain-Game/RainGame/Saved/Config/Windows/Scalability.ini]
[2021.04.10-20.08.57:110][  0]LogConfig: Setting CVar [[r.TranslucencyLightingVolumeDim:64]]
[2021.04.10-20.08.57:110][  0]LogConfig: Setting CVar [[r.RefractionQuality:2]]
[2021.04.10-20.08.57:110][  0]LogConfig: Setting CVar [[r.SSR.Quality:3]]
[2021.04.10-20.08.57:110][  0]LogConfig: Setting CVar [[r.SSR.HalfResSceneColor:0]]
[2021.04.10-20.08.57:110][  0]LogConfig: Setting CVar [[r.SceneColorFormat:4]]
[2021.04.10-20.08.57:110][  0]LogConfig: Setting CVar [[r.DetailMode:2]]
[2021.04.10-20.08.57:110][  0]LogConfig: Setting CVar [[r.TranslucencyVolumeBlur:1]]
[2021.04.10-20.08.57:110][  0]LogConfig: Setting CVar [[r.MaterialQualityLevel:1 ; High quality]]
[2021.04.10-20.08.57:110][  0]LogConfig: Setting CVar [[r.SSS.Scale:1]]
[2021.04.10-20.08.57:110][  0]LogConfig: Setting CVar [[r.SSS.SampleSet:2]]
[2021.04.10-20.08.57:110][  0]LogConfig: Setting CVar [[r.SSS.Quality:1]]
[2021.04.10-20.08.57:110][  0]LogConfig: Setting CVar [[r.SSS.HalfRes:0]]
[2021.04.10-20.08.57:110][  0]LogConfig: Setting CVar [[r.SSGI.Quality:3]]
[2021.04.10-20.08.57:110][  0]LogConfig: Setting CVar [[r.EmitterSpawnRateScale:1.0]]
[2021.04.10-20.08.57:110][  0]LogConfig: Setting CVar [[r.ParticleLightQuality:2]]
[2021.04.10-20.08.57:111][  0]LogConfig: Setting CVar [[r.SkyAtmosphere.AerialPerspectiveLUT.FastApplyOnOpaque:1 ; Always have FastSkyLUT 1 in this case to avoid wrong sky]]
[2021.04.10-20.08.57:111][  0]LogConfig: Setting CVar [[r.SkyAtmosphere.AerialPerspectiveLUT.SampleCountPerSlice:1]]
[2021.04.10-20.08.57:111][  0]LogConfig: Setting CVar [[r.SkyAtmosphere.AerialPerspectiveLUT.DepthResolution:16.0]]
[2021.04.10-20.08.57:111][  0]LogConfig: Setting CVar [[r.SkyAtmosphere.FastSkyLUT:1]]
[2021.04.10-20.08.57:111][  0]LogConfig: Setting CVar [[r.SkyAtmosphere.FastSkyLUT.SampleCountMin:4.0]]
[2021.04.10-20.08.57:111][  0]LogConfig: Setting CVar [[r.SkyAtmosphere.FastSkyLUT.SampleCountMax:32.0]]
[2021.04.10-20.08.57:111][  0]LogConfig: Setting CVar [[r.SkyAtmosphere.SampleCountMin:4.0]]
[2021.04.10-20.08.57:111][  0]LogConfig: Setting CVar [[r.SkyAtmosphere.SampleCountMax:32.0]]
[2021.04.10-20.08.57:111][  0]LogConfig: Setting CVar [[r.SkyAtmosphere.TransmittanceLUT.UseSmallFormat:0]]
[2021.04.10-20.08.57:111][  0]LogConfig: Setting CVar [[r.SkyAtmosphere.TransmittanceLUT.SampleCount:10.0]]
[2021.04.10-20.08.57:111][  0]LogConfig: Setting CVar [[r.SkyAtmosphere.MultiScatteringLUT.SampleCount:15.0]]
[2021.04.10-20.08.57:111][  0]LogConfig: Applying CVar settings from Section [FoliageQuality@3] File [H:/Users/David/source/repos/603-Rain-Game/RainGame/Saved/Config/Windows/Scalability.ini]
[2021.04.10-20.08.57:111][  0]LogConfig: Setting CVar [[foliage.DensityScale:1.0]]
[2021.04.10-20.08.57:111][  0]LogConfig: Setting CVar [[grass.DensityScale:1.0]]
[2021.04.10-20.08.57:111][  0]LogConfig: Applying CVar settings from Section [ShadingQuality@3] File [H:/Users/David/source/repos/603-Rain-Game/RainGame/Saved/Config/Windows/Scalability.ini]
[2021.04.10-20.08.57:111][  0]LogConfig: Setting CVar [[r.HairStrands.SkyLighting.SampleCount:16]]
[2021.04.10-20.08.57:111][  0]LogConfig: Setting CVar [[r.HairStrands.SkyLighting.JitterIntegration:0]]
[2021.04.10-20.08.57:111][  0]LogConfig: Setting CVar [[r.HairStrands.SkyAO.SampleCount:16]]
[2021.04.10-20.08.57:111][  0]LogConfig: Setting CVar [[r.HairStrands.DeepShadow.SuperSampling:0]]
[2021.04.10-20.08.57:111][  0]LogConfig: Setting CVar [[r.HairStrands.VisibilityPPLL:0]]
[2021.04.10-20.08.57:111][  0]LogConfig: Setting CVar [[r.HairStrands.RasterizationScale:0.5]]
[2021.04.10-20.08.57:111][  0]LogConfig: Setting CVar [[r.HairStrands.VelocityRasterizationScale:1]]
[2021.04.10-20.08.57:111][  0]LogConfig: Applying CVar settings from Section [Startup] File [../../../Engine/Config/ConsoleVariables.ini]
[2021.04.10-20.08.57:114][  0]LogConfig: Setting CVar [[net.UseAdaptiveNetUpdateFrequency:0]]
[2021.04.10-20.08.57:114][  0]LogConfig: Setting CVar [[p.chaos.AllowCreatePhysxBodies:1]]
[2021.04.10-20.08.57:114][  0]LogConfig: Setting CVar [[fx.SkipVectorVMBackendOptimizations:1]]
[2021.04.10-20.08.57:114][  0]LogConfig: Applying CVar settings from Section [ConsoleVariables] File [H:/Users/David/source/repos/603-Rain-Game/RainGame/Saved/Config/Windows/Engine.ini]
[2021.04.10-20.08.57:114][  0]LogInit: Computer: DESKTOP-DAVID
[2021.04.10-20.08.57:114][  0]LogInit: User: David
[2021.04.10-20.08.57:114][  0]LogInit: CPU Page size=4096, Cores=6
[2021.04.10-20.08.57:114][  0]LogInit: High frequency timer resolution =10.000000 MHz
[2021.04.10-20.08.57:115][  0]LogMemory: Memory total: Physical=15.9GB (16GB approx)
[2021.04.10-20.08.57:115][  0]LogMemory: Platform Memory Stats for Windows
[2021.04.10-20.08.57:115][  0]LogMemory: Process Physical Memory: 121.31 MB used, 121.32 MB peak
[2021.04.10-20.08.57:115][  0]LogMemory: Process Virtual Memory: 102.98 MB used, 102.98 MB peak
[2021.04.10-20.08.57:115][  0]LogMemory: Physical Memory: 5265.72 MB used,  11007.27 MB free, 16272.99 MB total
[2021.04.10-20.08.57:115][  0]LogMemory: Virtual Memory: 5215.44 MB used,  134212512.00 MB free, 134217728.00 MB total
[2021.04.10-20.08.57:121][  0]LogWindows: WindowsPlatformFeatures enabled
[2021.04.10-20.08.57:292][  0]LogInit: Physics initialised using underlying interface: PhysX
[2021.04.10-20.08.57:294][  0]LogInit: Using OS detected language (en-US).
[2021.04.10-20.08.57:294][  0]LogInit: Using OS detected locale (en-US).
[2021.04.10-20.08.57:312][  0]LogTextLocalizationManager: No specific localization for 'en-US' exists, so the 'en' localization will be used.
[2021.04.10-20.08.57:600][  0]LogSlate: New Slate User Created.  User Index 0, Is Virtual User: 0
[2021.04.10-20.08.57:600][  0]LogSlate: Slate User Registered.  User Index 0, Is Virtual User: 0
[2021.04.10-20.08.57:898][  0]LogD3D11RHI: D3D11 min allowed feature level: 11_0
[2021.04.10-20.08.57:898][  0]LogD3D11RHI: D3D11 max allowed feature level: 11_0
[2021.04.10-20.08.57:898][  0]LogD3D11RHI: D3D11 adapters:
[2021.04.10-20.08.57:962][  0]LogD3D11RHI:    0. 'NVIDIA GeForce GTX 1070' (Feature Level 11_0)
[2021.04.10-20.08.57:962][  0]LogD3D11RHI:       8088/0/8136 MB DedicatedVideo/DedicatedSystem/SharedSystem, Outputs:1, VendorId:0x10de
[2021.04.10-20.08.57:964][  0]LogD3D11RHI:    1. 'Microsoft Basic Render Driver' (Feature Level 11_0)
[2021.04.10-20.08.57:964][  0]LogD3D11RHI:       0/0/8136 MB DedicatedVideo/DedicatedSystem/SharedSystem, Outputs:0, VendorId:0x1414
[2021.04.10-20.08.57:964][  0]LogD3D11RHI: Chosen D3D11 Adapter: 0
[2021.04.10-20.08.57:970][  0]LogD3D11RHI: Creating new Direct3DDevice
[2021.04.10-20.08.57:970][  0]LogD3D11RHI:     GPU DeviceId: 0x1b81 (for the marketing name, search the web for "GPU Device Id")
[2021.04.10-20.08.57:970][  0]LogWindows: EnumDisplayDevices:
[2021.04.10-20.08.57:970][  0]LogWindows:    0. 'NVIDIA GeForce GTX 1070' (P:1 D:1)
[2021.04.10-20.08.57:970][  0]LogWindows:    1. 'NVIDIA GeForce GTX 1070' (P:0 D:0)
[2021.04.10-20.08.57:970][  0]LogWindows:    2. 'NVIDIA GeForce GTX 1070' (P:0 D:0)
[2021.04.10-20.08.57:970][  0]LogWindows:    3. 'NVIDIA GeForce GTX 1070' (P:0 D:0)
[2021.04.10-20.08.57:970][  0]LogWindows: DebugString: FoundDriverCount:4 
[2021.04.10-20.08.57:970][  0]LogD3D11RHI:     Adapter Name: NVIDIA GeForce GTX 1070
[2021.04.10-20.08.57:970][  0]LogD3D11RHI:   Driver Version: 456.71 (internal:27.21.14.5671, unified:456.71)
[2021.04.10-20.08.57:970][  0]LogD3D11RHI:      Driver Date: 9-30-2020
[2021.04.10-20.08.57:970][  0]LogRHI: Texture pool is 5661 MB (70% of 8088 MB)
[2021.04.10-20.08.58:019][  0]LogD3D11RHI: RHI has support for 64 bit atomics
[2021.04.10-20.08.58:020][  0]LogD3D11RHI: Async texture creation enabled
[2021.04.10-20.08.58:020][  0]LogD3D11RHI: Array index from any shader is supported
[2021.04.10-20.08.58:049][  0]LogD3D11RHI: GPU Timing Frequency: 1000.000000 (Debug: 2 1)
[2021.04.10-20.08.58:333][  0]LogTargetPlatformManager: Display: Loaded TargetPlatform 'AllDesktop'
[2021.04.10-20.08.58:383][  0]LogTargetPlatformManager: Display: Loaded TargetPlatform 'Android'
[2021.04.10-20.08.58:383][  0]LogTargetPlatformManager: Display: Loaded TargetPlatform 'Android_ASTC'
[2021.04.10-20.08.58:383][  0]LogTargetPlatformManager: Display: Loaded TargetPlatform 'Android_DXT'
[2021.04.10-20.08.58:383][  0]LogTargetPlatformManager: Display: Loaded TargetPlatform 'Android_ETC2'
[2021.04.10-20.08.58:383][  0]LogTargetPlatformManager: Display: Loaded TargetPlatform 'AndroidClient'
[2021.04.10-20.08.58:383][  0]LogTargetPlatformManager: Display: Loaded TargetPlatform 'Android_ASTCClient'
[2021.04.10-20.08.58:383][  0]LogTargetPlatformManager: Display: Loaded TargetPlatform 'Android_DXTClient'
[2021.04.10-20.08.58:383][  0]LogTargetPlatformManager: Display: Loaded TargetPlatform 'Android_ETC2Client'
[2021.04.10-20.08.58:383][  0]LogTargetPlatformManager: Display: Loaded TargetPlatform 'Android_Multi'
[2021.04.10-20.08.58:383][  0]LogTargetPlatformManager: Display: Loaded TargetPlatform 'Android_MultiClient'
[2021.04.10-20.08.58:413][  0]LogTargetPlatformManager: Display: Loaded TargetPlatform 'IOSClient'
[2021.04.10-20.08.58:414][  0]LogTargetPlatformManager: Display: Loaded TargetPlatform 'IOS'
[2021.04.10-20.08.58:425][  0]LogTargetPlatformManager: Display: Loaded TargetPlatform 'Linux'
[2021.04.10-20.08.58:436][  0]LogTargetPlatformManager: Display: Loaded TargetPlatform 'LinuxNoEditor'
[2021.04.10-20.08.58:446][  0]LogTargetPlatformManager: Display: Loaded TargetPlatform 'LinuxClient'
[2021.04.10-20.08.58:456][  0]LogTargetPlatformManager: Display: Loaded TargetPlatform 'LinuxServer'
[2021.04.10-20.08.58:467][  0]LogTargetPlatformManager: Display: Loaded TargetPlatform 'LinuxAArch64NoEditor'
[2021.04.10-20.08.58:477][  0]LogTargetPlatformManager: Display: Loaded TargetPlatform 'LinuxAArch64Client'
[2021.04.10-20.08.58:488][  0]LogTargetPlatformManager: Display: Loaded TargetPlatform 'LinuxAArch64Server'
[2021.04.10-20.08.58:513][  0]LogTargetPlatformManager: Display: Loaded TargetPlatform 'Lumin'
[2021.04.10-20.08.58:513][  0]LogTargetPlatformManager: Display: Loaded TargetPlatform 'LuminClient'
[2021.04.10-20.08.58:531][  0]LogTargetPlatformManager: Display: Loaded TargetPlatform 'TVOSClient'
[2021.04.10-20.08.58:532][  0]LogTargetPlatformManager: Display: Loaded TargetPlatform 'TVOS'
[2021.04.10-20.08.58:542][  0]LogTargetPlatformManager: Display: Loaded TargetPlatform 'WindowsNoEditor'
[2021.04.10-20.08.58:553][  0]LogTargetPlatformManager: Display: Loaded TargetPlatform 'Windows'
[2021.04.10-20.08.58:563][  0]LogTargetPlatformManager: Display: Loaded TargetPlatform 'WindowsClient'
[2021.04.10-20.08.58:574][  0]LogTargetPlatformManager: Display: Loaded TargetPlatform 'WindowsServer'
[2021.04.10-20.08.58:574][  0]LogTargetPlatformManager: Display: Building Assets For Windows
[2021.04.10-20.08.58:605][  0]LogAudioDebug: Display: Lib vorbis DLL was dynamically loaded.
[2021.04.10-20.08.58:738][  0]LogShaderCompilers: Guid format shader working directory is -5 characters bigger than the processId version (H:/Users/David/source/repos/603-Rain-Game/RainGame/Intermediate/Shaders/WorkingDirectory/16516/).
[2021.04.10-20.08.58:738][  0]LogShaderCompilers: Cleaned the shader compiler working directory 'C:/Users/David/AppData/Local/Temp/UnrealShaderWorkingDir/5F5EEC4448341627B53A3EA21ACD56F7/'.
[2021.04.10-20.08.58:739][  0]LogXGEController: Cleaning working directory: C:/Users/David/AppData/Local/Temp/UnrealXGEWorkingDir/
[2021.04.10-20.08.58:740][  0]LogXGEController: Cannot use XGE Controller as Incredibuild is not installed on this machine.
[2021.04.10-20.08.58:740][  0]LogShaderCompilers: Cannot use XGE Shader Compiler as Incredibuild is not installed on this machine.
[2021.04.10-20.08.58:740][  0]LogShaderCompilers: Display: Using Local Shader Compiler.
[2021.04.10-20.08.59:642][  0]LogDerivedDataCache: Display: Max Cache Size: 512 MB
[2021.04.10-20.08.59:858][  0]LogDerivedDataCache: Loaded boot cache 0.21s 79MB C:/Users/David/AppData/Local/UnrealEngine/4.25/DerivedDataCache/Boot.ddc.
[2021.04.10-20.08.59:858][  0]LogDerivedDataCache: Display: Loaded Boot cache: C:/Users/David/AppData/Local/UnrealEngine/4.25/DerivedDataCache/Boot.ddc
[2021.04.10-20.08.59:858][  0]LogDerivedDataCache: FDerivedDataBackendGraph:  Pak pak cache file H:/Users/David/source/repos/603-Rain-Game/RainGame/DerivedDataCache/DDC.ddp not found, will not use a pak cache.
[2021.04.10-20.08.59:858][  0]LogDerivedDataCache: Unable to find inner node Pak for hierarchical cache Hierarchy.
[2021.04.10-20.08.59:858][  0]LogDerivedDataCache: FDerivedDataBackendGraph:  CompressedPak pak cache file H:/Users/David/source/repos/603-Rain-Game/RainGame/DerivedDataCache/Compressed.ddp not found, will not use a pak cache.
[2021.04.10-20.08.59:858][  0]LogDerivedDataCache: Unable to find inner node CompressedPak for hierarchical cache Hierarchy.
[2021.04.10-20.08.59:870][  0]LogDerivedDataCache: Display: Pak cache opened for reading ../../../Engine/DerivedDataCache/Compressed.ddp.
[2021.04.10-20.08.59:870][  0]LogDerivedDataCache: FDerivedDataBackendGraph:  EnterprisePak pak cache file ../../../Enterprise/DerivedDataCache/Compressed.ddp not found, will not use a pak cache.
[2021.04.10-20.08.59:870][  0]LogDerivedDataCache: Unable to find inner node EnterprisePak for hierarchical cache Hierarchy.
[2021.04.10-20.08.59:872][  0]LogDerivedDataCache: Using Local data cache path C:/Users/David/AppData/Local/UnrealEngine/Common/DerivedDataCache: Writable
[2021.04.10-20.08.59:872][  0]LogDerivedDataCache: Shared data cache path not found in *engine.ini, will not use an Shared cache.
[2021.04.10-20.08.59:872][  0]LogDerivedDataCache: Unable to find inner node Shared for hierarchical cache Hierarchy.
[2021.04.10-20.08.59:922][  0]LogSlate: Using FreeType 2.10.0
[2021.04.10-20.08.59:926][  0]LogSlate: SlateFontServices - WITH_FREETYPE: 1, WITH_HARFBUZZ: 1
[2021.04.10-20.08.59:967][  0]LogAssetRegistry: FAssetRegistry took 0.0045 seconds to start up
[2021.04.10-20.09.00:272][  0]LogInit: Selected Device Profile: [Windows]
[2021.04.10-20.09.00:483][  0]LogMeshReduction: Using QuadricMeshReduction for automatic static mesh reduction
[2021.04.10-20.09.00:483][  0]LogMeshReduction: Using SimplygonMeshReduction for automatic skeletal mesh reduction
[2021.04.10-20.09.00:483][  0]LogMeshReduction: Using ProxyLODMeshReduction for automatic mesh merging
[2021.04.10-20.09.00:483][  0]LogMeshReduction: No distributed automatic mesh merging module available
[2021.04.10-20.09.00:484][  0]LogMeshMerging: No distributed automatic mesh merging module available
[2021.04.10-20.09.00:528][  0]LogNetVersion: RainGame 1.0.0, NetCL: 13144385, EngineNetVer: 14, GameNetVer: 0 (Checksum: 398735394)
[2021.04.10-20.09.01:231][  0]LogAISub: UAISubsystem::UAISubsystem AISubsystem (0000022CD1D35400), frame # 0
[2021.04.10-20.09.01:231][  0]LogAISub: UAISubsystem::UAISubsystem AIPerceptionSystem (0000022CD1C911C0), frame # 0
[2021.04.10-20.09.01:235][  0]LogAISub: UAISubsystem::UAISubsystem EnvQueryManager (0000022CD1CCDE00), frame # 0
[2021.04.10-20.09.01:311][  0]LogPackageLocalizationCache: Processed 19 localized package path(s) for 1 prioritized culture(s) in 0.050487 seconds
[2021.04.10-20.09.01:315][  0]LogUObjectArray: 15917 objects as part of root set at end of initial load.
[2021.04.10-20.09.01:315][  0]LogUObjectAllocator: 3965568 out of 0 bytes used by permanent object pool.
[2021.04.10-20.09.01:315][  0]LogUObjectArray: CloseDisregardForGC: 0/0 objects in disregard for GC pool
[2021.04.10-20.09.02:126][  0]LogTcpMessaging: Initializing TcpMessaging bridge
[2021.04.10-20.09.02:136][  0]LogUdpMessaging: Initializing bridge on interface 0.0.0.0:0 to multicast group 230.0.0.1:6666.
[2021.04.10-20.09.02:371][  0]SourceControl: Source control is disabled
[2021.04.10-20.09.02:371][  0]SourceControl: Source control is disabled
[2021.04.10-20.09.02:391][  0]SourceControl: Source control is disabled
[2021.04.10-20.09.02:401][  0]SourceControl: Source control is disabled
[2021.04.10-20.09.02:417][  0]SourceControl: Source control is disabled
[2021.04.10-20.09.02:937][  0]LogAndroidPermission: UAndroidPermissionCallbackProxy::GetInstance
[2021.04.10-20.09.02:969][  0]LogAudioCaptureCore: Display: No Audio Capture implementations found. Audio input will be silent.
[2021.04.10-20.09.02:970][  0]LogAudioCaptureCore: Display: No Audio Capture implementations found. Audio input will be silent.
[2021.04.10-20.09.03:050][  0]LogOcInput: OculusInput pre-init called
[2021.04.10-20.09.03:357][  0]LogEngine: Initializing Engine...
[2021.04.10-20.09.03:359][  0]LogHMD: Oculus plugin initialized. Version: 4.25.4-14469661+++UE4+Release-4.25, OVRPlugin: 1.44.0
[2021.04.10-20.09.03:362][  0]LogStats: UGameplayTagsManager::InitializeManager -  0.001 s
[2021.04.10-20.09.03:487][  0]LogInit: Initializing FReadOnlyCVARCache
[2021.04.10-20.09.03:530][  0]LogAIModule: Creating AISystem for world Untitled
[2021.04.10-20.09.03:530][  0]LogAISub: UAISubsystem::UAISubsystem EnvQueryManager (0000022CDBD00C00), frame # 0
[2021.04.10-20.09.03:530][  0]LogAISub: UAISubsystem::UAISubsystem AIPerceptionSystem (0000022CDBD2CB80), frame # 0
[2021.04.10-20.09.03:543][  0]LogAudioMixer: Display: Audio Mixer Platform Settings:
[2021.04.10-20.09.03:543][  0]LogAudioMixer: Display: 	Sample Rate:						  48000
[2021.04.10-20.09.03:543][  0]LogAudioMixer: Display: 	Callback Buffer Frame Size Requested: 1024
[2021.04.10-20.09.03:543][  0]LogAudioMixer: Display: 	Callback Buffer Frame Size To Use:	  1024
[2021.04.10-20.09.03:543][  0]LogAudioMixer: Display: 	Number of buffers to queue:			  2
[2021.04.10-20.09.03:543][  0]LogAudioMixer: Display: 	Max Channels (voices):				  32
[2021.04.10-20.09.03:543][  0]LogAudioMixer: Display: 	Number of Async Source Workers:		  0
[2021.04.10-20.09.03:543][  0]LogAudio: Display: AudioDevice MaxSources: 32
[2021.04.10-20.09.03:545][  0]LogAudio: Display: Using built-in audio occlusion.
[2021.04.10-20.09.03:545][  0]LogAudioMixer: Display: Initializing audio mixer.
[2021.04.10-20.09.03:586][  0]LogAudioMixer: Display: 0: FrontLeft
[2021.04.10-20.09.03:586][  0]LogAudioMixer: Display: 1: FrontRight
[2021.04.10-20.09.03:614][  0]LogAudioMixer: Display: Using Audio Device Speakers (2- USB Audio CODEC )
[2021.04.10-20.09.03:616][  0]LogAudioMixer: Display: Initializing Sound Submixes...
[2021.04.10-20.09.03:625][  0]LogAudioMixer: Display: Creating Master Submix 'MasterSubmixDefault'
[2021.04.10-20.09.03:625][  0]LogAudioMixer: Display: Creating Master Submix 'MasterReverbSubmixDefault'
[2021.04.10-20.09.03:626][  0]LogAudioMixer: Display: Creating Master Submix 'MasterEQSubmixDefault'
[2021.04.10-20.09.03:627][  0]LogInit: FAudioDevice initialized.
[2021.04.10-20.09.03:628][  0]LogNetVersion: Set ProjectVersion to 1.0.0.0. Version Checksum will be recalculated on next use.
[2021.04.10-20.09.03:697][  0]LogDerivedDataCache: Saved boot cache 0.07s 79MB C:/Users/David/AppData/Local/UnrealEngine/4.25/DerivedDataCache/Boot.ddc.
[2021.04.10-20.09.03:698][  0]LogInit: Texture streaming: Enabled
[2021.04.10-20.09.03:723][  0]LogEngineSessionManager: EngineSessionManager initialized
[2021.04.10-20.09.03:723][  0]LogEngineSessionManager: EngineSessionManager sent abnormal shutdown report. Type=AbnormalShutdown, SessionId={541ABF83-41C9-BD7C-F94D-D5BE228A0ABD}
[2021.04.10-20.09.03:723][  0]LogEditorSessionSummary: Verbose: Initializing EditorSessionSummaryWriter for editor session tracking
[2021.04.10-20.09.03:726][  0]LogEditorSessionSummary: EditorSessionSummaryWriter initialized
[2021.04.10-20.09.04:003][  0]LogInit: Transaction tracking system initialized
[2021.04.10-20.09.04:057][  0]BlueprintLog: New page: Editor Load
[2021.04.10-20.09.04:252][  0]LocalizationService: Localization service is disabled
[2021.04.10-20.09.06:200][  0]LogCook: Display: Max memory allowance for cook 16384mb min free memory 0mb
[2021.04.10-20.09.06:201][  0]LogCook: Display: Mobile HDR setting 0
[2021.04.10-20.09.06:461][  0]LogFileCache: Scanning file cache for directory 'H:/Users/David/source/repos/603-Rain-Game/RainGame/Content/' took 0.04s
[2021.04.10-20.09.06:668][  0]SourceControl: Source control is disabled
[2021.04.10-20.09.06:800][  0]LogSlate: Took 0.002933 seconds to synchronously load lazily loaded font '../../../Engine/Content/Slate/Fonts/Roboto-Regular.ttf' (155K)
[2021.04.10-20.09.15:156][  0]LogSlate: Window 'Restore Packages' being destroyed
[2021.04.10-20.09.15:160][  0]LogWindowsTextInputMethodSystem: Display: IME system now deactivated.
[2021.04.10-20.09.15:170][  0]LogWindowsTextInputMethodSystem: Display: IME system now deactivated.
[2021.04.10-20.09.15:170][  0]LogUnrealEdMisc: Loading editor; pre map load, took 23.529
[2021.04.10-20.09.15:172][  0]Cmd: MAP LOAD FILE="H:/Users/David/source/repos/603-Rain-Game/RainGame/Content/2DSideScrollerBP/Maps/2DSideScrollerExampleMap.umap" TEMPLATE=0 SHOWPROGRESS=1 FEATURELEVEL=3
[2021.04.10-20.09.15:173][  0]LightingResults: New page: Lighting Build
[2021.04.10-20.09.15:178][  0]LogWorld: UWorld::CleanupWorld for Untitled, bSessionEnded=true, bCleanupResources=true
[2021.04.10-20.09.15:179][  0]LogSlate: InvalidateAllWidgets triggered.  All widgets were invalidated
[2021.04.10-20.09.15:180][  0]MapCheck: New page: Map Check
[2021.04.10-20.09.15:180][  0]LightingResults: New page: Lighting Build
[2021.04.10-20.09.15:195][  0]LogAISub: UAISubsystem::~UAISubsystem EnvQueryManager (0000022CDBD00C00), frame # 0
[2021.04.10-20.09.15:196][  0]LogAISub: UAISubsystem::~UAISubsystem AIPerceptionSystem (0000022CDBD2CB80), frame # 0
[2021.04.10-20.09.15:197][  0]LogUObjectHash: Compacting FUObjectHashTables data took   0.65ms
[2021.04.10-20.09.16:463][  0]LogAIModule: Creating AISystem for world 2DSideScrollerExampleMap
[2021.04.10-20.09.16:463][  0]LogAISub: UAISubsystem::UAISubsystem EnvQueryManager (0000022CCF408400), frame # 0
[2021.04.10-20.09.16:463][  0]LogAISub: UAISubsystem::UAISubsystem AIPerceptionSystem (0000022CC06FBEC0), frame # 0
[2021.04.10-20.09.16:477][  0]LogEditorServer: Finished looking for orphan Actors (0.000 secs)
[2021.04.10-20.09.16:491][  0]LogUObjectHash: Compacting FUObjectHashTables data took   0.63ms
[2021.04.10-20.09.16:492][  0]Cmd: MAP CHECKDEP NOCLEARLOG
[2021.04.10-20.09.16:492][  0]MapCheck: Map check complete: 0 Error(s), 0 Warning(s), took 0.476ms to complete.
[2021.04.10-20.09.16:492][  0]LogFileHelpers: Loading map '2DSideScrollerExampleMap' took 1.321
[2021.04.10-20.09.16:521][  0]LogUnrealEdMisc: Total Editor Startup Time, took 24.880
[2021.04.10-20.09.16:655][  0]LogSlate: Updating window title bar state: overlay mode, drag disabled, window buttons hidden, title bar hidden
[2021.04.10-20.09.16:662][  0]LogSlate: Updating window title bar state: overlay mode, drag disabled, window buttons hidden, title bar hidden
[2021.04.10-20.09.16:667][  0]LogSlate: Updating window title bar state: overlay mode, drag disabled, window buttons hidden, title bar hidden
[2021.04.10-20.09.16:673][  0]LogSlate: Updating window title bar state: overlay mode, drag disabled, window buttons hidden, title bar hidden
[2021.04.10-20.09.16:692][  0]LogCollectionManager: Loaded 0 collections in 0.001396 seconds
[2021.04.10-20.09.16:727][  0]LogFileCache: Scanning file cache for directory 'H:/Users/David/source/repos/603-Rain-Game/RainGame/Saved/Collections/' took 0.00s
[2021.04.10-20.09.16:727][  0]LogFileCache: Scanning file cache for directory 'H:/Users/David/source/repos/603-Rain-Game/RainGame/Content/Developers/David/Collections/' took 0.00s
[2021.04.10-20.09.16:727][  0]LogFileCache: Scanning file cache for directory 'H:/Users/David/source/repos/603-Rain-Game/RainGame/Content/Collections/' took 0.00s
[2021.04.10-20.09.16:727][  0]LogContentBrowser: Native class hierarchy populated in 0.0082 seconds. Added 3427 classes and 821 folders.
[2021.04.10-20.09.16:735][  0]LogContentBrowser: Native class hierarchy updated for 'WidgetCarousel' in 0.0003 seconds. Added 0 classes and 0 folders.
[2021.04.10-20.09.16:914][  0]LogContentBrowser: Native class hierarchy updated for 'AddContentDialog' in 0.0003 seconds. Added 0 classes and 0 folders.
[2021.04.10-20.09.16:992][  0]LogSlate: Took 0.001200 seconds to synchronously load lazily loaded font '../../../Engine/Content/Slate/Fonts/Roboto-Bold.ttf' (160K)
[2021.04.10-20.09.16:996][  0]LogSlate: Took 0.000890 seconds to synchronously load lazily loaded font '../../../Engine/Content/Editor/Slate/Fonts/FontAwesome.ttf' (139K)
[2021.04.10-20.09.17:035][  0]LogRenderer: Reallocating scene render targets to support 1120x640 Format 10 NumSamples 1 (Frame:1).
[2021.04.10-20.09.17:118][  0]LogContentBrowser: Native class hierarchy updated for 'HierarchicalLODOutliner' in 0.0003 seconds. Added 0 classes and 0 folders.
[2021.04.10-20.09.17:118][  0]LogLoad: (Engine Initialization) Total time: 25.48 seconds
[2021.04.10-20.09.17:118][  0]LogLoad: (Engine Initialization) Total Blueprint compile time: 0.00 seconds
[2021.04.10-20.09.17:134][  0]LogOcInput: OculusInput is initialized
[2021.04.10-20.09.17:159][  0]LogAssetRegistry: Asset discovery search completed in 17.1934 seconds
[2021.04.10-20.09.17:162][  0]LogCollectionManager: Fixed up redirectors for 0 collections in 0.000002 seconds (updated 0 objects)
[2021.04.10-20.09.17:168][  0]LogContentStreaming: Texture pool size now 1000 MB
[2021.04.10-20.09.17:184][  0]LogSlate: Took 0.001190 seconds to synchronously load lazily loaded font '../../../Engine/Content/Slate/Fonts/Roboto-Light.ttf' (167K)
[2021.04.10-20.09.18:482][  4]LogSlate: Took 0.002159 seconds to synchronously load lazily loaded font '../../../Engine/Content/Slate/Fonts/Roboto-Light.ttf' (167K)
[2021.04.10-20.09.19:912][ 15]LogAssetEditorSubsystem: Opening Asset editor for Blueprint /Game/2DSideScrollerBP/Blueprints/WebShot.WebShot
[2021.04.10-20.09.20:176][ 15]LogContentBrowser: Native class hierarchy updated for 'BlueprintGraph' in 0.0006 seconds. Added 125 classes and 0 folders.
[2021.04.10-20.09.20:946][ 15]LogSlate: Took 0.000909 seconds to synchronously load lazily loaded font '../../../Engine/Content/Slate/Fonts/Roboto-BoldCondensed.ttf' (158K)
[2021.04.10-20.09.24:328][391]LogAssetEditorSubsystem: Opening Asset editor for Blueprint /Game/2DSideScrollerBP/Blueprints/2DSideScrollerCharacter.2DSideScrollerCharacter
[2021.04.10-20.09.24:711][392]LogSlate: Took 0.003415 seconds to synchronously load lazily loaded font '../../../Engine/Content/Slate/Fonts/Roboto-Italic.ttf' (157K)
[2021.04.10-20.09.33:515][376]BlueprintLog: New page: Compile 2DSideScrollerCharacter
[2021.04.10-20.09.33:578][376]LogUObjectHash: Compacting FUObjectHashTables data took   1.61ms
[2021.04.10-20.09.33:640][376]LogSlate: Took 0.000931 seconds to synchronously load lazily loaded font '../../../Engine/Content/Slate/Fonts/DroidSansMono.ttf' (77K)
[2021.04.10-20.09.44:094][495]BlueprintLog: New page: Compile 2DSideScrollerCharacter
[2021.04.10-20.09.44:140][495]LogUObjectHash: Compacting FUObjectHashTables data took   2.05ms
[2021.04.10-20.09.50:344][180]BlueprintLog: New page: Compile 2DSideScrollerCharacter
[2021.04.10-20.09.50:392][180]LogUObjectHash: Compacting FUObjectHashTables data took   2.27ms
[2021.04.10-20.10.12:001][626]BlueprintLog: New page: Compile 2DSideScrollerCharacter
[2021.04.10-20.10.12:046][626]LogUObjectHash: Compacting FUObjectHashTables data took   2.02ms
[2021.04.10-20.10.14:992][967]BlueprintLog: New page: Compile 2DSideScrollerCharacter
[2021.04.10-20.10.15:036][967]LogUObjectHash: Compacting FUObjectHashTables data took   2.03ms
[2021.04.10-20.10.18:262][338]BlueprintLog: New page: Compile 2DSideScrollerCharacter
[2021.04.10-20.10.18:304][338]LogUObjectHash: Compacting FUObjectHashTables data took   2.56ms
[2021.04.10-20.10.26:975][335]BlueprintLog: New page: Compile 2DSideScrollerCharacter
[2021.04.10-20.10.27:020][335]LogUObjectHash: Compacting FUObjectHashTables data took   2.01ms
[2021.04.10-20.10.39:576][779]BlueprintLog: New page: Compile 2DSideScrollerCharacter
[2021.04.10-20.10.39:620][779]LogUObjectHash: Compacting FUObjectHashTables data took   2.03ms
[2021.04.10-20.10.41:406][988]BlueprintLog: New page: Compile 2DSideScrollerCharacter
[2021.04.10-20.10.41:451][988]LogUObjectHash: Compacting FUObjectHashTables data took   2.00ms
[2021.04.10-20.10.43:148][186]BlueprintLog: New page: Compile 2DSideScrollerCharacter
[2021.04.10-20.10.43:191][186]LogUObjectHash: Compacting FUObjectHashTables data took   2.01ms
[2021.04.10-20.11.14:854][758]LogEditorTransaction: Undo Move Node
[2021.04.10-20.11.15:140][765]LogEditorTransaction: Undo Move Node
[2021.04.10-20.11.15:447][780]LogEditorTransaction: Undo Move Node
[2021.04.10-20.11.15:802][817]LogEditorTransaction: Undo Create Pin Link
[2021.04.10-20.11.16:671][909]LogEditorTransaction: Undo Move Node
[2021.04.10-20.11.17:419][991]LogEditorTransaction: Undo Paste clipboard contents
[2021.04.10-20.11.52:194][906]BlueprintLog: New page: Compile 2DSideScrollerCharacter
[2021.04.10-20.11.52:200][906]LogBlueprint: Error: [Compiler 2DSideScrollerCharacter] This blueprint (self) is not a PlayerController, therefore ' Target ' must have a connection.
[2021.04.10-20.11.52:235][906]LogUObjectHash: Compacting FUObjectHashTables data took   2.19ms
[2021.04.10-20.12.07:958][713]BlueprintLog: New page: Compile 2DSideScrollerCharacter
[2021.04.10-20.12.08:002][713]LogUObjectHash: Compacting FUObjectHashTables data took   2.11ms
[2021.04.10-20.12.08:707][776]LogSavePackage: Moving 'H:/Users/David/source/repos/603-Rain-Game/RainGame/Saved/2DSideScrollerCharacter1FE3DA514496F98E70F3F8B9E0D4C9C9.tmp' to 'H:/Users/David/source/repos/603-Rain-Game/RainGame/Content/2DSideScrollerBP/Blueprints/2DSideScrollerCharacter.uasset'
[2021.04.10-20.12.08:720][776]AssetCheck: New page: Asset Save: 2DSideScrollerCharacter
[2021.04.10-20.12.08:720][776]LogContentValidation: Display: Validating Blueprint /Game/2DSideScrollerBP/Blueprints/2DSideScrollerCharacter.2DSideScrollerCharacter
[2021.04.10-20.12.11:608][ 86]LogTemp: Repeating last play command: Selected Viewport
[2021.04.10-20.12.11:621][ 86]LogPlayLevel: PlayLevel: No blueprints needed recompiling
[2021.04.10-20.12.11:621][ 86]LogHMD: Initializing OVRPlugin session
[2021.04.10-20.12.13:534][ 86]LogHMD: Allocating Oculus 3296 x 1776 rendertarget swapchain
[2021.04.10-20.12.13:538][ 86]PIE: New page: PIE session: 2DSideScrollerExampleMap (Apr 10, 2021, 12:12:13 PM)
[2021.04.10-20.12.13:539][ 86]LogOnline: OSS: Creating online subsystem instance for: NULL
[2021.04.10-20.12.13:541][ 86]LogOnline: OSS: TryLoadSubsystemAndSetDefault: Loaded subsystem for module [NULL]
[2021.04.10-20.12.13:541][ 86]LogPlayLevel: Creating play world package: /Game/2DSideScrollerBP/Maps/UEDPIE_0_2DSideScrollerExampleMap
[2021.04.10-20.12.13:545][ 86]LogPlayLevel: PIE: StaticDuplicateObject took: (0.003977s)
[2021.04.10-20.12.13:546][ 86]LogAIModule: Creating AISystem for world 2DSideScrollerExampleMap
[2021.04.10-20.12.13:546][ 86]LogAISub: UAISubsystem::UAISubsystem EnvQueryManager (0000022D0F267E00), frame # 19086
[2021.04.10-20.12.13:546][ 86]LogAISub: UAISubsystem::UAISubsystem AIPerceptionSystem (0000022D04E174C0), frame # 19086
[2021.04.10-20.12.13:547][ 86]LogPlayLevel: PIE: World Init took: (0.001786s)
[2021.04.10-20.12.13:547][ 86]LogPlayLevel: PIE: Created PIE world by copying editor world from /Game/2DSideScrollerBP/Maps/2DSideScrollerExampleMap.2DSideScrollerExampleMap to /Game/2DSideScrollerBP/Maps/UEDPIE_0_2DSideScrollerExampleMap.2DSideScrollerExampleMap (0.005961s)
[2021.04.10-20.12.13:567][ 86]LogUObjectHash: Compacting FUObjectHashTables data took   2.07ms
[2021.04.10-20.12.13:569][ 86]LogAudioMixer: Display: Audio Mixer Platform Settings:
[2021.04.10-20.12.13:569][ 86]LogAudioMixer: Display: 	Sample Rate:						  48000
[2021.04.10-20.12.13:569][ 86]LogAudioMixer: Display: 	Callback Buffer Frame Size Requested: 1024
[2021.04.10-20.12.13:569][ 86]LogAudioMixer: Display: 	Callback Buffer Frame Size To Use:	  1024
[2021.04.10-20.12.13:569][ 86]LogAudioMixer: Display: 	Number of buffers to queue:			  2
[2021.04.10-20.12.13:569][ 86]LogAudioMixer: Display: 	Max Channels (voices):				  32
[2021.04.10-20.12.13:569][ 86]LogAudioMixer: Display: 	Number of Async Source Workers:		  0
[2021.04.10-20.12.13:569][ 86]LogAudio: Display: AudioDevice MaxSources: 32
[2021.04.10-20.12.13:570][ 86]LogAudio: Display: Using built-in audio occlusion.
[2021.04.10-20.12.13:570][ 86]LogAudioMixer: Display: Initializing audio mixer.
[2021.04.10-20.12.13:575][ 86]LogAudioMixer: Display: 0: FrontLeft
[2021.04.10-20.12.13:575][ 86]LogAudioMixer: Display: 1: FrontRight
[2021.04.10-20.12.13:592][ 86]LogAudioMixer: Display: Using Audio Device Speakers (2- USB Audio CODEC )
[2021.04.10-20.12.13:593][ 86]LogAudioMixer: Display: Initializing Sound Submixes...
[2021.04.10-20.12.13:593][ 86]LogAudioMixer: Display: Creating Master Submix 'MasterSubmixDefault'
[2021.04.10-20.12.13:593][ 86]LogAudioMixer: Display: Creating Master Submix 'MasterReverbSubmixDefault'
[2021.04.10-20.12.13:593][ 86]LogAudioMixer: Display: Creating Master Submix 'MasterEQSubmixDefault'
[2021.04.10-20.12.13:606][ 86]LogInit: FAudioDevice initialized.
[2021.04.10-20.12.13:612][ 86]LogLoad: Game class is '2DSideScrollerGameMode_C'
[2021.04.10-20.12.13:615][ 86]LogWorld: Bringing World /Game/2DSideScrollerBP/Maps/UEDPIE_0_2DSideScrollerExampleMap.2DSideScrollerExampleMap up for play (max tick rate 0) at 2021.04.10-16.12.13
[2021.04.10-20.12.13:615][ 86]LogWorld: Bringing up level for play took: 0.000983
[2021.04.10-20.12.13:615][ 86]LogOnline: OSS: Creating online subsystem instance for: :Context_4
[2021.04.10-20.12.13:634][ 86]LogContentBrowser: Native class hierarchy updated for 'MovieSceneCapture' in 0.0005 seconds. Added 20 classes and 0 folders.
[2021.04.10-20.12.13:635][ 86]PIE: Server logged in
[2021.04.10-20.12.13:637][ 86]PIE: Play in editor total start time 2.016 seconds.
[2021.04.10-20.12.13:960][ 90]LogScript: Warning: Script Msg: AimVector should not be zero. Please specify which direction.
[2021.04.10-20.12.13:960][ 90]LogScript: Warning: Script Msg: AimVector should not be zero. Please specify which direction.
[2021.04.10-20.12.14:301][131]LogScript: Warning: Script Msg: AimVector should not be zero. Please specify which direction.
[2021.04.10-20.12.14:301][131]LogScript: Warning: Script Msg: AimVector should not be zero. Please specify which direction.
[2021.04.10-20.12.14:474][148]LogScript: Warning: Script Msg: AimVector should not be zero. Please specify which direction.
[2021.04.10-20.12.14:474][148]LogScript: Warning: Script Msg: AimVector should not be zero. Please specify which direction.
[2021.04.10-20.12.14:638][167]LogScript: Warning: Script Msg: AimVector should not be zero. Please specify which direction.
[2021.04.10-20.12.14:638][167]LogScript: Warning: Script Msg: AimVector should not be zero. Please specify which direction.
[2021.04.10-20.12.14:813][188]LogScript: Warning: Script Msg: AimVector should not be zero. Please specify which direction.
[2021.04.10-20.12.14:813][188]LogScript: Warning: Script Msg: AimVector should not be zero. Please specify which direction.
[2021.04.10-20.12.15:014][212]LogScript: Warning: Script Msg: AimVector should not be zero. Please specify which direction.
[2021.04.10-20.12.15:014][212]LogScript: Warning: Script Msg: AimVector should not be zero. Please specify which direction.
[2021.04.10-20.12.15:200][234]LogScript: Warning: Script Msg: AimVector should not be zero. Please specify which direction.
[2021.04.10-20.12.15:200][234]LogScript: Warning: Script Msg: AimVector should not be zero. Please specify which direction.
[2021.04.10-20.12.15:369][254]LogScript: Warning: Script Msg: AimVector should not be zero. Please specify which direction.
[2021.04.10-20.12.15:369][254]LogScript: Warning: Script Msg: AimVector should not be zero. Please specify which direction.
[2021.04.10-20.12.15:536][274]LogScript: Warning: Script Msg: AimVector should not be zero. Please specify which direction.
[2021.04.10-20.12.15:536][274]LogScript: Warning: Script Msg: AimVector should not be zero. Please specify which direction.
[2021.04.10-20.12.15:712][295]LogScript: Warning: Script Msg: AimVector should not be zero. Please specify which direction.
[2021.04.10-20.12.15:712][295]LogScript: Warning: Script Msg: AimVector should not be zero. Please specify which direction.
[2021.04.10-20.12.15:891][316]LogScript: Warning: Script Msg: AimVector should not be zero. Please specify which direction.
[2021.04.10-20.12.15:891][316]LogScript: Warning: Script Msg: AimVector should not be zero. Please specify which direction.
[2021.04.10-20.12.16:634][400]LogSlate: Updating window title bar state: overlay mode, drag disabled, window buttons hidden, title bar hidden
[2021.04.10-20.12.16:634][400]LogWorld: BeginTearingDown for /Game/2DSideScrollerBP/Maps/UEDPIE_0_2DSideScrollerExampleMap
[2021.04.10-20.12.16:634][400]LogWorld: UWorld::CleanupWorld for 2DSideScrollerExampleMap, bSessionEnded=true, bCleanupResources=true
[2021.04.10-20.12.16:638][400]LogSlate: InvalidateAllWidgets triggered.  All widgets were invalidated
[2021.04.10-20.12.16:645][400]LogPlayLevel: Display: Shutting down PIE online subsystems
[2021.04.10-20.12.16:649][400]LogSlate: InvalidateAllWidgets triggered.  All widgets were invalidated
[2021.04.10-20.12.16:689][400]LogSlate: Updating window title bar state: overlay mode, drag disabled, window buttons hidden, title bar hidden
[2021.04.10-20.12.16:706][400]LogAISub: UAISubsystem::~UAISubsystem AIPerceptionSystem (0000022D04E174C0), frame # 19400
[2021.04.10-20.12.16:706][400]LogAISub: UAISubsystem::~UAISubsystem EnvQueryManager (0000022D0F267E00), frame # 19400
[2021.04.10-20.12.16:710][400]LogUObjectHash: Compacting FUObjectHashTables data took   2.91ms
[2021.04.10-20.12.16:736][401]LogPlayLevel: Display: Destroying online subsystem :Context_4
[2021.04.10-20.12.44:853][809]BlueprintLog: New page: Compile 2DSideScrollerCharacter
[2021.04.10-20.12.44:907][809]LogUObjectHash: Compacting FUObjectHashTables data took   2.64ms
[2021.04.10-20.13.07:340][299]BlueprintLog: New page: Compile 2DSideScrollerCharacter
[2021.04.10-20.13.07:390][299]LogUObjectHash: Compacting FUObjectHashTables data took   2.66ms
[2021.04.10-20.13.10:224][629]BlueprintLog: New page: Compile 2DSideScrollerCharacter
[2021.04.10-20.13.10:271][629]LogUObjectHash: Compacting FUObjectHashTables data took   2.67ms
[2021.04.10-20.13.15:440][208]LogSavePackage: Moving 'H:/Users/David/source/repos/603-Rain-Game/RainGame/Saved/2DSideScrollerCharacterDED7A5884C369A2AC583E7BCE5F0210D.tmp' to 'H:/Users/David/source/repos/603-Rain-Game/RainGame/Content/2DSideScrollerBP/Blueprints/2DSideScrollerCharacter.uasset'
[2021.04.10-20.13.15:451][208]AssetCheck: New page: Asset Save: 2DSideScrollerCharacter
[2021.04.10-20.13.15:451][208]LogContentValidation: Display: Validating Blueprint /Game/2DSideScrollerBP/Blueprints/2DSideScrollerCharacter.2DSideScrollerCharacter
[2021.04.10-20.13.16:588][335]LogSlate: Window '2DSideScrollerCharacter' being destroyed
[2021.04.10-20.13.16:591][335]LogSlate: Window '2DSideScrollerCharacter' being destroyed
[2021.04.10-20.13.16:598][335]LogWorld: UWorld::CleanupWorld for World_1, bSessionEnded=true, bCleanupResources=true
[2021.04.10-20.13.16:598][335]LogSlate: InvalidateAllWidgets triggered.  All widgets were invalidated
[2021.04.10-20.13.16:644][335]LogActorComponent: UnregisterComponent: (/Engine/Transient.EditorFloorComp) Not registered. Aborting.
[2021.04.10-20.13.16:644][335]LogWorld: UWorld::CleanupWorld for World_2, bSessionEnded=true, bCleanupResources=true
[2021.04.10-20.13.16:644][335]LogSlate: InvalidateAllWidgets triggered.  All widgets were invalidated
[2021.04.10-20.13.18:148][492]LogUObjectHash: Compacting FUObjectHashTables data took   2.53ms
[2021.04.10-20.13.18:176][492]LogSavePackage: Moving 'H:/Users/David/source/repos/603-Rain-Game/RainGame/Saved/2DSideScrollerExampleMap442D9CE3413EF6CCED5678806306BE2B.tmp' to 'H:/Users/David/source/repos/603-Rain-Game/RainGame/Content/2DSideScrollerBP/Maps/2DSideScrollerExampleMap.umap'
[2021.04.10-20.13.18:198][492]LogSavePackage: Moving 'H:/Users/David/source/repos/603-Rain-Game/RainGame/Saved/2DSideScrollerExampleMap_BuiltDa44D01DB8408ADD90A492B18C69C3BC83.tmp' to 'H:/Users/David/source/repos/603-Rain-Game/RainGame/Content/2DSideScrollerBP/Maps/2DSideScrollerExampleMap_BuiltData.uasset'
[2021.04.10-20.13.18:209][492]AssetCheck: New page: Asset Save: multiple assets
[2021.04.10-20.13.18:209][492]LogContentValidation: Display: Validating World /Game/2DSideScrollerBP/Maps/2DSideScrollerExampleMap.2DSideScrollerExampleMap
[2021.04.10-20.13.18:209][492]LogContentValidation: Display: Validating MapBuildDataRegistry /Game/2DSideScrollerBP/Maps/2DSideScrollerExampleMap_BuiltData.2DSideScrollerExampleMap_BuiltData
[2021.04.10-20.13.20:079][703]LogUObjectHash: Compacting FUObjectHashTables data took   2.53ms
